before stopping charging (which should already have happened)
{
  "version": "unknown",
  "state": "charging_solar",
  "reason": "Battery discharging 825W, reducing to 5A",
  "enabled": true,
  "force_charge": false,
  "night_mode_active": false,
  "night_charge_planned": false,
  "current_amps": 5,
  "net_available": -1.4,
  "low_amp_count": 0,
  "grid_power_w": 0.0,
  "grid_voltage_v": 234.199996948242,
  "battery_soc": 98.0,
  "battery_power_w": 825.0,
  "tesla_soc": 73.0,
  "tesla_charge_limit": 90.0,
  "forecast_kwh": 46.7,
  "forecast_pessimistic_kwh": 32.8,
  "forecast_sources": [
    {
      "name": "open_meteo",
      "production_kwh": 40.7,
      "weight": 1.0,
      "pessimistic_kwh": null
    },
    {
      "name": "solcast",
      "production_kwh": 48.5,
      "weight": 1.5,
      "pessimistic_kwh": 32.8
    },
    {
      "name": "forecast_solar",
      "production_kwh": 50.1,
      "weight": 1.0,
      "pessimistic_kwh": null
    }
  ],
  "cloud_strategy": "overcast",
  "best_charging_window": "12:00-16:00",
  "low_solar_warning": null,
  "multi_day_outlook": {
    "poor_days": 0,
    "total_days_checked": 6,
    "total_excess_kwh": 162.7,
    "kwh_needed": 17.2,
    "daily_forecasts": [
      {
        "date": "2026-04-03",
        "production_kwh": 46.7,
        "excess_kwh": 36.7
      },
      {
        "date": "2026-04-04",
        "production_kwh": 32.9,
        "excess_kwh": 22.9
      },
      {
        "date": "2026-04-05",
        "production_kwh": 38.6,
        "excess_kwh": 28.6
      },
      {
        "date": "2026-04-06",
        "production_kwh": 39.6,
        "excess_kwh": 29.6
      },
      {
        "date": "2026-04-07",
        "production_kwh": 40.1,
        "excess_kwh": 30.1
      },
      {
        "date": "2026-04-08",
        "production_kwh": 24.8,
        "excess_kwh": 14.8
      }
    ]
  },
  "correction_factor": 0.94,
  "seasonal_correction_factor": 0.94,
  "pvgis_baselines": {
    "1": 46.363125,
    "2": 66.404375,
    "3": 112.433125,
    "4": 148.90875,
    "5": 180.114375,
    "6": 198.46125,
    "7": 212.38,
    "8": 179.4,
    "9": 130.53625,
    "10": 84.148125,
    "11": 48.64,
    "12": 39.999375
  },
  "forecast_days_tracked": 14,
  "ble_status": "ok",
  "ble_detail": "All entities available, commands succeeding",
  "ble_failures": 0,
  "config": {
    "min_export_power": 900,
    "max_charging_amps": 28,
    "safety_buffer_amps": 3,
    "battery_soc_threshold": 98,
    "low_amp_stop_count": 3,
    "grid_power_limit": 3000,
    "battery_discharge_threshold": 100,
    "home_battery_kwh": 14.0,
    "tesla_battery_kwh": 75.0
  },
  "daily_solar_kwh": 5.3,
  "daily_grid_kwh": 0.0,
  "daily_peak_amps": 12,
  "daily_charge_minutes": 232.5,
  "plan_message": ""
}


after stopping charging (min amps is 5A which * 230v = 1150W that's below the 378W excess of battery + the minimum export power)
{
  "version": "unknown",
  "state": "charging_solar",
  "reason": "Battery 98.0% at threshold, still charging at 378W \u2014 starting at min amps",
  "enabled": true,
  "force_charge": false,
  "night_mode_active": false,
  "night_charge_planned": false,
  "current_amps": 5,
  "net_available": -1.4,
  "low_amp_count": 0,
  "grid_power_w": 42.0,
  "grid_voltage_v": 234.5,
  "battery_soc": 98.0,
  "battery_power_w": -378.0,
  "tesla_soc": 73.0,
  "tesla_charge_limit": 90.0,
  "forecast_kwh": 46.7,
  "forecast_pessimistic_kwh": 32.8,
  "forecast_sources": [
    {
      "name": "open_meteo",
      "production_kwh": 40.7,
      "weight": 1.0,
      "pessimistic_kwh": null
    },
    {
      "name": "solcast",
      "production_kwh": 48.5,
      "weight": 1.5,
      "pessimistic_kwh": 32.8
    },
    {
      "name": "forecast_solar",
      "production_kwh": 50.1,
      "weight": 1.0,
      "pessimistic_kwh": null
    }
  ],
  "cloud_strategy": "overcast",
  "best_charging_window": "12:00-16:00",
  "low_solar_warning": null,
  "multi_day_outlook": {
    "poor_days": 0,
    "total_days_checked": 6,
    "total_excess_kwh": 162.7,
    "kwh_needed": 17.2,
    "daily_forecasts": [
      {
        "date": "2026-04-03",
        "production_kwh": 46.7,
        "excess_kwh": 36.7
      },
      {
        "date": "2026-04-04",
        "production_kwh": 32.9,
        "excess_kwh": 22.9
      },
      {
        "date": "2026-04-05",
        "production_kwh": 38.6,
        "excess_kwh": 28.6
      },
      {
        "date": "2026-04-06",
        "production_kwh": 39.6,
        "excess_kwh": 29.6
      },
      {
        "date": "2026-04-07",
        "production_kwh": 40.1,
        "excess_kwh": 30.1
      },
      {
        "date": "2026-04-08",
        "production_kwh": 24.8,
        "excess_kwh": 14.8
      }
    ]
  },
  "correction_factor": 0.94,
  "seasonal_correction_factor": 0.94,
  "pvgis_baselines": {
    "1": 46.363125,
    "2": 66.404375,
    "3": 112.433125,
    "4": 148.90875,
    "5": 180.114375,
    "6": 198.46125,
    "7": 212.38,
    "8": 179.4,
    "9": 130.53625,
    "10": 84.148125,
    "11": 48.64,
    "12": 39.999375
  },
  "forecast_days_tracked": 14,
  "ble_status": "ok",
  "ble_detail": "All entities available, commands succeeding",
  "ble_failures": 0,
  "config": {
    "min_export_power": 900,
    "max_charging_amps": 28,
    "safety_buffer_amps": 3,
    "battery_soc_threshold": 98,
    "low_amp_stop_count": 3,
    "grid_power_limit": 3000,
    "battery_discharge_threshold": 100,
    "home_battery_kwh": 14.0,
    "tesla_battery_kwh": 75.0
  },
  "daily_solar_kwh": 5.3,
  "daily_grid_kwh": 0.0,
  "daily_peak_amps": 12,
  "daily_charge_minutes": 234.0,
  "plan_message": ""
}

it did start the charge again (wrong) - still tries to reduce from 5A to 5A...
{
  "version": "unknown",
  "state": "charging_solar",
  "reason": "Battery discharging 897W, reducing to 5A",
  "enabled": true,
  "force_charge": false,
  "night_mode_active": false,
  "night_charge_planned": false,
  "current_amps": 5,
  "net_available": -1.7,
  "low_amp_count": 0,
  "grid_power_w": 0.0,
  "grid_voltage_v": 234.400009155273,
  "battery_soc": 98.0,
  "battery_power_w": 897.0,
  "tesla_soc": 73.0,
  "tesla_charge_limit": 90.0,
  "forecast_kwh": 46.7,
  "forecast_pessimistic_kwh": 32.8,
  "forecast_sources": [
    {
      "name": "open_meteo",
      "production_kwh": 40.7,
      "weight": 1.0,
      "pessimistic_kwh": null
    },
    {
      "name": "solcast",
      "production_kwh": 48.5,
      "weight": 1.5,
      "pessimistic_kwh": 32.8
    },
    {
      "name": "forecast_solar",
      "production_kwh": 50.1,
      "weight": 1.0,
      "pessimistic_kwh": null
    }
  ],
  "cloud_strategy": "overcast",
  "best_charging_window": "12:00-16:00",
  "low_solar_warning": null,
  "multi_day_outlook": {
    "poor_days": 0,
    "total_days_checked": 6,
    "total_excess_kwh": 162.7,
    "kwh_needed": 17.2,
    "daily_forecasts": [
      {
        "date": "2026-04-03",
        "production_kwh": 46.7,
        "excess_kwh": 36.7
      },
      {
        "date": "2026-04-04",
        "production_kwh": 32.9,
        "excess_kwh": 22.9
      },
      {
        "date": "2026-04-05",
        "production_kwh": 38.6,
        "excess_kwh": 28.6
      },
      {
        "date": "2026-04-06",
        "production_kwh": 39.6,
        "excess_kwh": 29.6
      },
      {
        "date": "2026-04-07",
        "production_kwh": 40.1,
        "excess_kwh": 30.1
      },
      {
        "date": "2026-04-08",
        "production_kwh": 24.8,
        "excess_kwh": 14.8
      }
    ]
  },
  "correction_factor": 0.94,
  "seasonal_correction_factor": 0.94,
  "pvgis_baselines": {
    "1": 46.363125,
    "2": 66.404375,
    "3": 112.433125,
    "4": 148.90875,
    "5": 180.114375,
    "6": 198.46125,
    "7": 212.38,
    "8": 179.4,
    "9": 130.53625,
    "10": 84.148125,
    "11": 48.64,
    "12": 39.999375
  },
  "forecast_days_tracked": 14,
  "ble_status": "ok",
  "ble_detail": "All entities available, commands succeeding",
  "ble_failures": 0,
  "config": {
    "min_export_power": 900,
    "max_charging_amps": 28,
    "safety_buffer_amps": 3,
    "battery_soc_threshold": 98,
    "low_amp_stop_count": 3,
    "grid_power_limit": 3000,
    "battery_discharge_threshold": 100,
    "home_battery_kwh": 14.0,
    "tesla_battery_kwh": 75.0
  },
  "daily_solar_kwh": 5.4,
  "daily_grid_kwh": 0.0,
  "daily_peak_amps": 12,
  "daily_charge_minutes": 236.5,
  "plan_message": ""
}